<?xml version="1.0" encoding="UTF-8"?>
<Site BuildName="Linux-g++"
	BuildStamp="20231019-0646-Experimental"
	Name="sun"
	Generator="ctest-3.16.3"
	CompilerName="/usr/bin/g++"
	CompilerVersion="9.4.0"
	OSName="Linux"
	Hostname="sun"
	OSRelease="5.15.96-rt61"
	OSVersion="#2 SMP PREEMPT_RT Thu Mar 30 16:07:07 CST 2023"
	OSPlatform="x86_64"
	Is64Bits="1"
	VendorString="GenuineIntel"
	VendorID="Intel Corporation"
	FamilyID="6"
	ModelID="154"
	ProcessorCacheSize="24576"
	NumberOfLogicalCPU="20"
	NumberOfPhysicalCPU="14"
	TotalVirtualMemory="2047"
	TotalPhysicalMemory="31852"
	LogicalProcessorsPerPhysical="1"
	ProcessorClockFrequency="2700"
	>
	<Testing>
		<StartDateTime>Oct 19 15:09 CST</StartDateTime>
		<StartTestTime>1697699386</StartTestTime>
		<TestList/>
		<EndDateTime>Oct 19 15:09 CST</EndDateTime>
		<EndTestTime>1697699386</EndTestTime>
		<ElapsedMinutes>0</ElapsedMinutes>
	</Testing>
</Site>
